<?xml version="1.0" encoding="UTF-8"?>
<!-- Generated by org.testng.reporters.JUnitReportReporter -->
<testsuite hostname="NB205" failures="0" tests="1" name="tests.Proba" time="7.266" errors="0" timestamp="2021-06-08T21:20:49 CEST" skipped="0">
  <testcase classname="tests.Proba" name="test" time="7.266"/>
  <system-out/>
</testsuite> <!-- tests.Proba -->
